#
# A fatal error has been detected by the Java Runtime Environment:
#
#  EXCEPTION_ACCESS_VIOLATION (0xc0000005) at pc=0x000000000040c66b, pid=18620, tid=4516
#
# JRE version: Java(TM) SE Runtime Environment 18.9 (11.0.23+7) (build 11.0.23+7-LTS-222)
# Java VM: Java HotSpot(TM) 64-Bit Server VM 18.9 (11.0.23+7-LTS-222, mixed mode, tiered, compressed oops, g1 gc, windows-amd64)
# Problematic frame:
# C  [SyncSDK.dll+0xc66b]
#
# No core dump will be written. Minidumps are not enabled by default on client versions of Windows
#
# If you would like to submit a bug report, please visit:
#   https://bugreport.java.com/bugreport/crash.jsp
# The crash happened outside the Java Virtual Machine in native code.
# See problematic frame for where to report the bug.
#

---------------  S U M M A R Y ------------

Command Line: -Djava.library.path=C:\Users\Drach\IdeaProjects\Sync\src\main\resources -Didea.test.cyclic.buffer.size=1048576 -javaagent:C:\Program Files\ideaIU\lib\idea_rt.jar=54338:C:\Program Files\ideaIU\bin -Dfile.encoding=UTF-8 com.intellij.rt.junit.JUnitStarter -ideVersion5 -junit4 com.marsol.sync.service.communication.SyncSDKTest

Host: 11th Gen Intel(R) Core(TM) i5-1135G7 @ 2.40GHz, 8 cores, 7G,  Windows 10 , 64 bit Build 19041 (10.0.19041.4597)
Time: Tue Jul 30 10:17:02 2024 Hora est. Sudamérica Pacífico elapsed time: 31.665644 seconds (0d 0h 0m 31s)

---------------  T H R E A D  ---------------

Current thread (0x000002a0cdec0000):  JavaThread "main" [_thread_in_native, id=4516, stack(0x000000ab49b00000,0x000000ab49c00000)]

Stack: [0x000000ab49b00000,0x000000ab49c00000],  sp=0x000000ab49bfce40,  free space=1011k
Native frames: (J=compiled Java code, j=interpreted, Vv=VM code, C=native code)
C  [SyncSDK.dll+0xc66b]

Java frames: (J=compiled Java code, j=interpreted, Vv=VM code)
j  com.sun.jna.Native.invokePointer(JI[Ljava/lang/Object;)J+0
j  com.sun.jna.Function.invokePointer(I[Ljava/lang/Object;)Lcom/sun/jna/Pointer;+6
j  com.sun.jna.Function.invoke([Ljava/lang/Object;Ljava/lang/Class;Z)Ljava/lang/Object;+738
j  com.sun.jna.Function.invoke(Ljava/lang/Class;[Ljava/lang/Object;Ljava/util/Map;)Ljava/lang/Object;+214
j  com.sun.jna.Library$Handler.invoke(Ljava/lang/Object;Ljava/lang/reflect/Method;[Ljava/lang/Object;)Ljava/lang/Object;+341
j  com.sun.proxy.$Proxy38.SDK_GetDeviceInfo(J)Lcom/marsol/sync/model/TSDKDeviceInfo;+19
j  com.marsol.sync.service.communication.SyncSDKImpl.SDK_GetDeviceInfo(J)Lcom/marsol/sync/model/TSDKDeviceInfo;+16
j  com.marsol.sync.service.communication.SyncSDKTest.testSync()V+30
v  ~StubRoutines::call_stub
j  jdk.internal.reflect.NativeMethodAccessorImpl.invoke0(Ljava/lang/reflect/Method;Ljava/lang/Object;[Ljava/lang/Object;)Ljava/lang/Object;+0 java.base@11.0.23
j  jdk.internal.reflect.NativeMethodAccessorImpl.invoke(Ljava/lang/Object;[Ljava/lang/Object;)Ljava/lang/Object;+100 java.base@11.0.23
J 1055 c1 jdk.internal.reflect.DelegatingMethodAccessorImpl.invoke(Ljava/lang/Object;[Ljava/lang/Object;)Ljava/lang/Object; java.base@11.0.23 (10 bytes) @ 0x000002a0d5d1e83c [0x000002a0d5d1e740+0x00000000000000fc]
J 896 c1 java.lang.reflect.Method.invoke(Ljava/lang/Object;[Ljava/lang/Object;)Ljava/lang/Object; java.base@11.0.23 (65 bytes) @ 0x000002a0d5cda5ac [0x000002a0d5cda280+0x000000000000032c]
j  org.junit.runners.model.FrameworkMethod$1.runReflectiveCall()Ljava/lang/Object;+15
j  org.junit.internal.runners.model.ReflectiveCallable.run()Ljava/lang/Object;+1
j  org.junit.runners.model.FrameworkMethod.invokeExplosively(Ljava/lang/Object;[Ljava/lang/Object;)Ljava/lang/Object;+10
j  org.junit.internal.runners.statements.InvokeMethod.evaluate()V+12
j  org.junit.internal.runners.statements.RunBefores.evaluate()V+41
j  org.mockito.internal.runners.DefaultInternalRunner$1$1.evaluate()V+66
j  org.junit.runners.ParentRunner$3.evaluate()V+4
j  org.junit.runners.BlockJUnit4ClassRunner$1.evaluate()V+11
j  org.junit.runners.ParentRunner.runLeaf(Lorg/junit/runners/model/Statement;Lorg/junit/runner/Description;Lorg/junit/runner/notification/RunNotifier;)V+17
j  org.junit.runners.BlockJUnit4ClassRunner.runChild(Lorg/junit/runners/model/FrameworkMethod;Lorg/junit/runner/notification/RunNotifier;)V+38
j  org.junit.runners.BlockJUnit4ClassRunner.runChild(Ljava/lang/Object;Lorg/junit/runner/notification/RunNotifier;)V+6
j  org.junit.runners.ParentRunner$4.run()V+12
j  org.junit.runners.ParentRunner$1.schedule(Ljava/lang/Runnable;)V+1
j  org.junit.runners.ParentRunner.runChildren(Lorg/junit/runner/notification/RunNotifier;)V+44
j  org.junit.runners.ParentRunner.access$100(Lorg/junit/runners/ParentRunner;Lorg/junit/runner/notification/RunNotifier;)V+2
j  org.junit.runners.ParentRunner$2.evaluate()V+8
j  org.junit.runners.ParentRunner$3.evaluate()V+4
j  org.junit.runners.ParentRunner.run(Lorg/junit/runner/notification/RunNotifier;)V+24
j  org.mockito.internal.runners.DefaultInternalRunner$1.run(Lorg/junit/runner/notification/RunNotifier;)V+17
j  org.mockito.internal.runners.DefaultInternalRunner.run(Lorg/junit/runner/notification/RunNotifier;)V+5
j  org.mockito.internal.runners.StrictRunner.run(Lorg/junit/runner/notification/RunNotifier;)V+36
j  org.mockito.junit.MockitoJUnitRunner.run(Lorg/junit/runner/notification/RunNotifier;)V+5
j  org.junit.runner.JUnitCore.run(Lorg/junit/runner/Runner;)Lorg/junit/runner/Result;+37
j  com.intellij.junit4.JUnit4IdeaTestRunner.startRunnerWithArgs([Ljava/lang/String;Ljava/lang/String;IZ)I+166
j  com.intellij.rt.junit.IdeaTestRunner$Repeater$1.execute(Z)I+17
j  com.intellij.rt.execution.junit.TestsRepeater.repeat(IZLcom/intellij/rt/execution/junit/TestsRepeater$TestRun;)I+7
j  com.intellij.rt.junit.IdeaTestRunner$Repeater.startRunnerWithArgs(Lcom/intellij/rt/junit/IdeaTestRunner;[Ljava/lang/String;Ljava/util/ArrayList;Ljava/lang/String;IZ)I+25
j  com.intellij.rt.junit.JUnitStarter.prepareStreamsAndStart([Ljava/lang/String;Ljava/lang/String;Ljava/util/ArrayList;Ljava/lang/String;)I+117
j  com.intellij.rt.junit.JUnitStarter.main([Ljava/lang/String;)V+97
v  ~StubRoutines::call_stub

siginfo: EXCEPTION_ACCESS_VIOLATION (0xc0000005), writing address 0x00000000c0a80517


Register to memory mapping:

RIP=0x000000000040c66b SyncSDK.dll
RAX=
[error occurred during error reporting (printing register info), id 0xc0000005, EXCEPTION_ACCESS_VIOLATION (0xc0000005) at pc=0x00007fff6641ba56]

Registers:
RAX=0x00000000f3bfa700, RBX=0x000002a0ee79d630, RCX=0x0000000000000100, RDX=0x0000000000000100
RSP=0x000000ab49bfce40, RBP=0x000000ab49bfce50, RSI=0x000002a0ee5f40d0, RDI=0x00000000c0a80517
R8 =0x0000000000000000, R9 =0x0000000000000231, R10=0x0000000000008000, R11=0x000000ab49bfc9c0
R12=0x0000000000000000, R13=0x000002a0ee79d630, R14=0x000000ab49bfd7e0, R15=0x000002a0cdec0000
RIP=0x000000000040c66b, EFLAGS=0x0000000000010206

Top of Stack: (sp=0x000000ab49bfce40)
0x000000ab49bfce40:   0000000089ca71a0 00000000007f90f9
0x000000ab49bfce50:   00000000007f5d98 000000ab49bfcea4
0x000000ab49bfce60:   0000000000000000 0000000000400000
0x000000ab49bfce70:   000002a0ed919400 000002a0cbd10000
0x000000ab49bfce80:   000000ab49bfcfa8 00000000007f5d98
0x000000ab49bfce90:   00000000c0a80517 000000ab49bfd010
0x000000ab49bfcea0:   0000000049bfd008 0000000000000000
0x000000ab49bfceb0:   0000000000000000 0000000000000000
0x000000ab49bfcec0:   0000000000000000 0000000000000000
0x000000ab49bfced0:   0000000000000000 0000000000000000
0x000000ab49bfcee0:   0000000000000000 0000000000000000
0x000000ab49bfcef0:   0000000000000000 0000000000000000
0x000000ab49bfcf00:   0000000000000000 0000000000000000
0x000000ab49bfcf10:   0000000000000000 0000000000000000
0x000000ab49bfcf20:   0000000000000000 0000000000000000
0x000000ab49bfcf30:   0000000000000000 0000000000000000 

Instructions: (pc=0x000000000040c66b)
0x000000000040c64b:   0f 1f 44 00 00 88 04 0a 48 83 c2 01 75 f7 c3 66
0x000000000040c65b:   0f 1f 44 00 00 57 fc 48 89 cf 48 89 d1 44 88 c0
0x000000000040c66b:   f3 aa 5f c3 cc 41 56 41 55 57 56 53 48 83 ec 30
0x000000000040c67b:   48 89 4c 24 28 48 89 d3 c7 c7 01 00 00 00 4d 33 


Stack slot to memory mapping:
stack at sp + 0 slots: 0x0000000089ca71a0 is an oop: java.lang.Class 
{0x0000000089ca71a0} - klass: 'java/lang/Class'
 - ---- fields (total size 30 words):
 - private volatile transient strict 'cachedConstructor' 'Ljava/lang/reflect/Constructor;' @12  NULL (0)
 - private volatile transient strict 'newInstanceCallerCache' 'Ljava/lang/Class;' @16  NULL (0)
 - private transient 'name' 'Ljava/lang/String;' @20  "com.sun.jna.Function"{0x0000000089ca72d8} (89ca72d8)
 - private transient 'module' 'Ljava/lang/Module;' @24  a 'java/lang/Module'{0x000000008a78b688} (8a78b688)
 - private final 'classLoader' 'Ljava/lang/ClassLoader;' @28  a 'jdk/internal/loader/ClassLoaders$AppClassLoader'{0x000000008a70c000} (8a70c000)
 - private transient 'packageName' 'Ljava/lang/String;' @32  "com.sun.jna"{0x00000000844ba390} (844ba390)
 - private final strict 'componentType' 'Ljava/lang/Class;' @36  NULL (0)
 - private volatile transient strict 'reflectionData' 'Ljava/lang/ref/SoftReference;' @40  NULL (0)
 - private volatile transient 'genericInfo' 'Lsun/reflect/generics/repository/ClassRepository;' @44  NULL (0)
 - private volatile transient strict 'enumConstants' '[Ljava/lang/Object;' @48  NULL (0)
 - private volatile transient strict 'enumConstantDirectory' 'Ljava/util/Map;' @52  NULL (0)
 - private volatile transient 'annotationData' 'Ljava/lang/Class$AnnotationData;' @56  NULL (0)
 - private volatile transient 'annotationType' 'Lsun/reflect/annotation/AnnotationType;' @60  NULL (0)
 - transient 'classValueMap' 'Ljava/lang/ClassValue$ClassValueMap;' @64  NULL (0)
 - private volatile transient 'classRedefinedCount' 'I' @96  0
 - signature: Lcom/sun/jna/Function;
 - fake entry for mirror: 'com/sun/jna/Function'
 - fake entry for array: NULL
 - fake entry for oop_size: 30
 - fake entry for static_oop_field_count: 27
 - public static final 'MAX_NARGS' 'I' @220  256 (100)
 - public static final 'C_CONVENTION' 'I' @224  0
 - public static final 'ALT_CONVENTION' 'I' @228  1
 - private static final 'MASK_CC' 'I' @232  3
 - public static final 'THROW_LAST_ERROR' 'I' @236  4
 - static final 'INTEGER_TRUE' 'Ljava/lang/Integer;' @112  a 'java/lang/Integer'{0x0000000089cb5f50} = -1 (89cb5f50)
 - static final 'INTEGER_FALSE' 'Ljava/lang/Integer;' @116  a 'java/lang/Integer'{0x0000000089cb5f60} = 0 (89cb5f60)
 - static final 'OPTION_INVOKING_METHOD' 'Ljava/lang/String;' @120  "invoking-method"{0x0000000089ca72a0} (89ca72a0)
 - static synthetic 'class$com$sun$jna$NativeMapped' 'Ljava/lang/Class;' @124  a 'java/lang/Class'{0x0000000089c32ea0} = 'com/sun/jna/NativeMapped' (89c32ea0)
 - static synthetic 'array$Lcom$sun$jna$Structure$ByReference' 'Ljava/lang/Class;' @128  NULL (0)
 - static synthetic 'array$Lcom$sun$jna$Structure' 'Ljava/lang/Class;' @132  a 'java/lang/Class'{0x0000000089cfd5b8} = 'com/sun/jna/Structure'[] (89cfd5b8)
 - static synthetic 'class$java$lang$Void' 'Ljava/lang/Class;' @136  a 'java/lang/Class'{0x000000008a75b348} = 'java/lang/Void' (8a75b348)
 - static synthetic 'class$java$lang$Boolean' 'Ljava/lang/Class;' @140  a 'java/lang/Class'{0x000000008a792bf0} = 'java/lang/Boolean' (8a792bf0)
 - static synthetic 'class$java$lang$Byte' 'Ljava/lang/Class;' @144  a 'java/lang/Class'{0x000000008a797fe8} = 'java/lang/Byte' (8a797fe8)
 - static synthetic 'class$java$lang$Short' 'Ljava/lang/Class;' @148  a 'java/lang/Class'{0x000000008a797e80} = 'java/lang/Short' (8a797e80)
 - static synthetic 'class$java$lang$Character' 'Ljava/lang/Class;' @152  a 'java/lang/Class'{0x000000008a797cb0} = 'java/lang/Character' (8a797cb0)
 - static synthetic 'class$java$lang$Integer' 'Ljava/lang/Class;' @156  a 'java/lang/Class'{0x000000008a785628} = 'java/lang/Integer' (8a785628)
 - static synthetic 'class$java$lang$Long' 'Ljava/lang/Class;' @160  a 'java/lang/Class'{0x000000008a797b40} = 'java/lang/Long' (8a797b40)
 - static synthetic 'class$java$lang$Float' 'Ljava/lang/Class;' @164  a 'java/lang/Class'{0x000000008a7979c0} = 'java/lang/Float' (8a7979c0)
 - static synthetic 'class$java$lang$Double' 'Ljava/lang/Class;' @168  a 'java/lang/Class'{0x000000008a797828} = 'java/lang/Double' (8a797828)
 - static synthetic 'class$java$lang$String' 'Ljava/lang/Class;' @172  a 'java/lang/Class'{0x000000008a735c88} = 'java/lang/String' (8a735c88)
 - static synthetic 'class$com$sun$jna$WString' 'Ljava/lang/Class;' @176  a 'java/lang/Class'{0x0000000089c4d0c8} = 'com/sun/jna/WString' (89c4d0c8)
 - static synthetic 'class$com$sun$jna$Pointer' 'Ljava/lang/Class;' @180  a 'java/lang/Class'{0x000000008ab7ffa0} = 'com/sun/jna/Pointer' (8ab7ffa0)
 - static synthetic 'class$com$sun$jna$Structure' 'Ljava/lang/Class;' @184  a 'java/lang/Class'{0x000000008ab69c38} = 'com/sun/jna/Structure' (8ab69c38)
 - static synthetic 'class$com$sun$jna$Structure$ByValue' 'Ljava/lang/Class;' @188  a 'java/lang/Class'{0x0000000089c3a7e0} = 'com/sun/jna/Structure$ByValue' (89c3a7e0)
 - static synthetic 'class$com$sun$jna$Callback' 'Ljava/lang/Class;' @192  NULL (0)
 - static synthetic 'array$Ljava$lang$String' 'Ljava/lang/Class;' @196  a 'java/lang/Class'{0x000000008a757a30} = 'java/lang/String'[] (8a757a30)
 - static synthetic 'array$Lcom$sun$jna$WString' 'Ljava/lang/Class;' @200  a 'java/lang/Class'{0x0000000089cfd3a0} = 'com/sun/jna/WString'[] (89cfd3a0)
 - static synthetic 'array$Lcom$sun$jna$Pointer' 'Ljava/lang/Class;' @204  a 'java/lang/Class'{0x0000000089cfd450} = 'com/sun/jna/Pointer'[] (89cfd450)
 - static synthetic 'class$java$lang$Object' 'Ljava/lang/Class;' @208  NULL (0)
 - static synthetic 'array$Lcom$sun$jna$NativeMapped' 'Ljava/lang/Class;' @212  a 'java/lang/Class'{0x0000000089cfd508} = 'com/sun/jna/NativeMapped'[] (89cfd508)
 - static synthetic 'class$com$sun$jna$Structure$ByReference' 'Ljava/lang/Class;' @216  NULL (0)
stack at sp + 1 slots: 0x00000000007f90f9 SyncSDK.dll
stack at sp + 2 slots: 0x00000000007f5d98 SyncSDK.dll
stack at sp + 3 slots: 0x000000ab49bfcea4 is pointing into the stack for thread: 0x000002a0cdec0000
stack at sp + 4 slots: 0x0 is NULL
stack at sp + 5 slots: 0x0000000000400000 SyncSDK.dll
stack at sp + 6 slots: 0x000002a0ed919400 points into unknown readable memory: 0x0000000000000000 | 00 00 00 00 00 00 00 00
stack at sp + 7 slots: 0x000002a0cbd10000 points into unknown readable memory: 0x0000000000000000 | 00 00 00 00 00 00 00 00


---------------  P R O C E S S  ---------------

Threads class SMR info:
_java_thread_list=0x000002a0ed915c40, length=11, elements={
0x000002a0cdec0000, 0x000002a0ebc99800, 0x000002a0ebcc3000, 0x000002a0ec642800,
0x000002a0ebcd2000, 0x000002a0ebcd3800, 0x000002a0ebcd6800, 0x000002a0ebcd8800,
0x000002a0ec64c800, 0x000002a0ec7a7800, 0x000002a0ec7a6800
}

Java Threads: ( => current thread )
=>0x000002a0cdec0000 JavaThread "main" [_thread_in_native, id=4516, stack(0x000000ab49b00000,0x000000ab49c00000)]
  0x000002a0ebc99800 JavaThread "Reference Handler" daemon [_thread_blocked, id=13008, stack(0x000000ab4a200000,0x000000ab4a300000)]
  0x000002a0ebcc3000 JavaThread "Finalizer" daemon [_thread_blocked, id=6956, stack(0x000000ab4a300000,0x000000ab4a400000)]
  0x000002a0ec642800 JavaThread "Signal Dispatcher" daemon [_thread_blocked, id=17004, stack(0x000000ab4a400000,0x000000ab4a500000)]
  0x000002a0ebcd2000 JavaThread "Attach Listener" daemon [_thread_blocked, id=11116, stack(0x000000ab4a500000,0x000000ab4a600000)]
  0x000002a0ebcd3800 JavaThread "Service Thread" daemon [_thread_blocked, id=6128, stack(0x000000ab4a600000,0x000000ab4a700000)]
  0x000002a0ebcd6800 JavaThread "C2 CompilerThread0" daemon [_thread_blocked, id=3984, stack(0x000000ab4a700000,0x000000ab4a800000)]
  0x000002a0ebcd8800 JavaThread "C1 CompilerThread0" daemon [_thread_blocked, id=18540, stack(0x000000ab4a800000,0x000000ab4a900000)]
  0x000002a0ec64c800 JavaThread "Sweeper thread" daemon [_thread_blocked, id=6604, stack(0x000000ab4a900000,0x000000ab4aa00000)]
  0x000002a0ec7a7800 JavaThread "Common-Cleaner" daemon [_thread_blocked, id=19240, stack(0x000000ab4aa00000,0x000000ab4ab00000)]
  0x000002a0ec7a6800 JavaThread "Monitor Ctrl-Break" daemon [_thread_in_native, id=18824, stack(0x000000ab4ac00000,0x000000ab4ad00000)]

Other Threads:
  0x000002a0ebc98000 VMThread "VM Thread" [stack: 0x000000ab4a100000,0x000000ab4a200000] [id=5252]
  0x000002a0ec95b800 WatcherThread [stack: 0x000000ab4ad00000,0x000000ab4ae00000] [id=19416]
  0x000002a0cded2800 GCTaskThread "GC Thread#0" [stack: 0x000000ab49c00000,0x000000ab49d00000] [id=13352]
  0x000002a0ecee9800 GCTaskThread "GC Thread#1" [stack: 0x000000ab4ae00000,0x000000ab4af00000] [id=14244]
  0x000002a0cdf03800 ConcurrentGCThread "G1 Main Marker" [stack: 0x000000ab49d00000,0x000000ab49e00000] [id=1696]
  0x000002a0cdf05800 ConcurrentGCThread "G1 Conc#0" [stack: 0x000000ab49e00000,0x000000ab49f00000] [id=18796]
  0x000002a0ebaf0800 ConcurrentGCThread "G1 Refine#0" [stack: 0x000000ab49f00000,0x000000ab4a000000] [id=18664]
  0x000002a0ebaf1000 ConcurrentGCThread "G1 Young RemSet Sampling" [stack: 0x000000ab4a000000,0x000000ab4a100000] [id=8620]

Threads with active compile tasks:

VM state:not at safepoint (normal execution)

VM Mutex/Monitor currently owned by a thread: None

Heap address: 0x0000000084400000, size: 1980 MB, Compressed Oops mode: 32-bit
Narrow klass base: 0x0000000000000000, Narrow klass shift: 3
Compressed class space size: 1073741824 Address: 0x0000000100000000

Heap:
 garbage-first heap   total 126976K, used 37461K [0x0000000084400000, 0x0000000100000000)
  region size 1024K, 36 young (36864K), 3 survivors (3072K)
 Metaspace       used 16225K, capacity 16444K, committed 16768K, reserved 1064960K
  class space    used 1993K, capacity 2071K, committed 2176K, reserved 1048576K
Heap Regions: E=young(eden), S=young(survivor), O=old, HS=humongous(starts), HC=humongous(continues), CS=collection set, F=free, A=archive, TAMS=top-at-mark-start (previous, next)
|   0|0x0000000084400000, 0x0000000084500000, 0x0000000084500000|100%| O|  |TAMS 0x0000000084400000, 0x0000000084400000| Untracked 
|   1|0x0000000084500000, 0x0000000084595600, 0x0000000084600000| 58%| O|  |TAMS 0x0000000084500000, 0x0000000084500000| Untracked 
|   2|0x0000000084600000, 0x0000000084600000, 0x0000000084700000|  0%| F|  |TAMS 0x0000000084600000, 0x0000000084600000| Untracked 
|   3|0x0000000084700000, 0x0000000084700000, 0x0000000084800000|  0%| F|  |TAMS 0x0000000084700000, 0x0000000084700000| Untracked 
|   4|0x0000000084800000, 0x0000000084800000, 0x0000000084900000|  0%| F|  |TAMS 0x0000000084800000, 0x0000000084800000| Untracked 
|   5|0x0000000084900000, 0x0000000084900000, 0x0000000084a00000|  0%| F|  |TAMS 0x0000000084900000, 0x0000000084900000| Untracked 
|   6|0x0000000084a00000, 0x0000000084a00000, 0x0000000084b00000|  0%| F|  |TAMS 0x0000000084a00000, 0x0000000084a00000| Untracked 
|   7|0x0000000084b00000, 0x0000000084b00000, 0x0000000084c00000|  0%| F|  |TAMS 0x0000000084b00000, 0x0000000084b00000| Untracked 
|   8|0x0000000084c00000, 0x0000000084c00000, 0x0000000084d00000|  0%| F|  |TAMS 0x0000000084c00000, 0x0000000084c00000| Untracked 
|   9|0x0000000084d00000, 0x0000000084d00000, 0x0000000084e00000|  0%| F|  |TAMS 0x0000000084d00000, 0x0000000084d00000| Untracked 
|  10|0x0000000084e00000, 0x0000000084e00000, 0x0000000084f00000|  0%| F|  |TAMS 0x0000000084e00000, 0x0000000084e00000| Untracked 
|  11|0x0000000084f00000, 0x0000000084f00000, 0x0000000085000000|  0%| F|  |TAMS 0x0000000084f00000, 0x0000000084f00000| Untracked 
|  12|0x0000000085000000, 0x0000000085000000, 0x0000000085100000|  0%| F|  |TAMS 0x0000000085000000, 0x0000000085000000| Untracked 
|  13|0x0000000085100000, 0x0000000085100000, 0x0000000085200000|  0%| F|  |TAMS 0x0000000085100000, 0x0000000085100000| Untracked 
|  14|0x0000000085200000, 0x0000000085200000, 0x0000000085300000|  0%| F|  |TAMS 0x0000000085200000, 0x0000000085200000| Untracked 
|  15|0x0000000085300000, 0x0000000085300000, 0x0000000085400000|  0%| F|  |TAMS 0x0000000085300000, 0x0000000085300000| Untracked 
|  16|0x0000000085400000, 0x0000000085400000, 0x0000000085500000|  0%| F|  |TAMS 0x0000000085400000, 0x0000000085400000| Untracked 
|  17|0x0000000085500000, 0x0000000085500000, 0x0000000085600000|  0%| F|  |TAMS 0x0000000085500000, 0x0000000085500000| Untracked 
|  18|0x0000000085600000, 0x0000000085600000, 0x0000000085700000|  0%| F|  |TAMS 0x0000000085600000, 0x0000000085600000| Untracked 
|  19|0x0000000085700000, 0x0000000085700000, 0x0000000085800000|  0%| F|  |TAMS 0x0000000085700000, 0x0000000085700000| Untracked 
|  20|0x0000000085800000, 0x0000000085800000, 0x0000000085900000|  0%| F|  |TAMS 0x0000000085800000, 0x0000000085800000| Untracked 
|  21|0x0000000085900000, 0x0000000085900000, 0x0000000085a00000|  0%| F|  |TAMS 0x0000000085900000, 0x0000000085900000| Untracked 
|  22|0x0000000085a00000, 0x0000000085a00000, 0x0000000085b00000|  0%| F|  |TAMS 0x0000000085a00000, 0x0000000085a00000| Untracked 
|  23|0x0000000085b00000, 0x0000000085b00000, 0x0000000085c00000|  0%| F|  |TAMS 0x0000000085b00000, 0x0000000085b00000| Untracked 
|  24|0x0000000085c00000, 0x0000000085c00000, 0x0000000085d00000|  0%| F|  |TAMS 0x0000000085c00000, 0x0000000085c00000| Untracked 
|  25|0x0000000085d00000, 0x0000000085d00000, 0x0000000085e00000|  0%| F|  |TAMS 0x0000000085d00000, 0x0000000085d00000| Untracked 
|  26|0x0000000085e00000, 0x0000000085e00000, 0x0000000085f00000|  0%| F|  |TAMS 0x0000000085e00000, 0x0000000085e00000| Untracked 
|  27|0x0000000085f00000, 0x0000000085f00000, 0x0000000086000000|  0%| F|  |TAMS 0x0000000085f00000, 0x0000000085f00000| Untracked 
|  28|0x0000000086000000, 0x0000000086000000, 0x0000000086100000|  0%| F|  |TAMS 0x0000000086000000, 0x0000000086000000| Untracked 
|  29|0x0000000086100000, 0x0000000086100000, 0x0000000086200000|  0%| F|  |TAMS 0x0000000086100000, 0x0000000086100000| Untracked 
|  30|0x0000000086200000, 0x0000000086200000, 0x0000000086300000|  0%| F|  |TAMS 0x0000000086200000, 0x0000000086200000| Untracked 
|  31|0x0000000086300000, 0x0000000086300000, 0x0000000086400000|  0%| F|  |TAMS 0x0000000086300000, 0x0000000086300000| Untracked 
|  32|0x0000000086400000, 0x0000000086400000, 0x0000000086500000|  0%| F|  |TAMS 0x0000000086400000, 0x0000000086400000| Untracked 
|  33|0x0000000086500000, 0x0000000086500000, 0x0000000086600000|  0%| F|  |TAMS 0x0000000086500000, 0x0000000086500000| Untracked 
|  34|0x0000000086600000, 0x0000000086600000, 0x0000000086700000|  0%| F|  |TAMS 0x0000000086600000, 0x0000000086600000| Untracked 
|  35|0x0000000086700000, 0x0000000086700000, 0x0000000086800000|  0%| F|  |TAMS 0x0000000086700000, 0x0000000086700000| Untracked 
|  36|0x0000000086800000, 0x0000000086800000, 0x0000000086900000|  0%| F|  |TAMS 0x0000000086800000, 0x0000000086800000| Untracked 
|  37|0x0000000086900000, 0x0000000086900000, 0x0000000086a00000|  0%| F|  |TAMS 0x0000000086900000, 0x0000000086900000| Untracked 
|  38|0x0000000086a00000, 0x0000000086a00000, 0x0000000086b00000|  0%| F|  |TAMS 0x0000000086a00000, 0x0000000086a00000| Untracked 
|  39|0x0000000086b00000, 0x0000000086b00000, 0x0000000086c00000|  0%| F|  |TAMS 0x0000000086b00000, 0x0000000086b00000| Untracked 
|  40|0x0000000086c00000, 0x0000000086c00000, 0x0000000086d00000|  0%| F|  |TAMS 0x0000000086c00000, 0x0000000086c00000| Untracked 
|  41|0x0000000086d00000, 0x0000000086d00000, 0x0000000086e00000|  0%| F|  |TAMS 0x0000000086d00000, 0x0000000086d00000| Untracked 
|  42|0x0000000086e00000, 0x0000000086e00000, 0x0000000086f00000|  0%| F|  |TAMS 0x0000000086e00000, 0x0000000086e00000| Untracked 
|  43|0x0000000086f00000, 0x0000000086f00000, 0x0000000087000000|  0%| F|  |TAMS 0x0000000086f00000, 0x0000000086f00000| Untracked 
|  44|0x0000000087000000, 0x0000000087000000, 0x0000000087100000|  0%| F|  |TAMS 0x0000000087000000, 0x0000000087000000| Untracked 
|  45|0x0000000087100000, 0x0000000087100000, 0x0000000087200000|  0%| F|  |TAMS 0x0000000087100000, 0x0000000087100000| Untracked 
|  46|0x0000000087200000, 0x0000000087200000, 0x0000000087300000|  0%| F|  |TAMS 0x0000000087200000, 0x0000000087200000| Untracked 
|  47|0x0000000087300000, 0x0000000087300000, 0x0000000087400000|  0%| F|  |TAMS 0x0000000087300000, 0x0000000087300000| Untracked 
|  48|0x0000000087400000, 0x0000000087400000, 0x0000000087500000|  0%| F|  |TAMS 0x0000000087400000, 0x0000000087400000| Untracked 
|  49|0x0000000087500000, 0x0000000087500000, 0x0000000087600000|  0%| F|  |TAMS 0x0000000087500000, 0x0000000087500000| Untracked 
|  50|0x0000000087600000, 0x0000000087600000, 0x0000000087700000|  0%| F|  |TAMS 0x0000000087600000, 0x0000000087600000| Untracked 
|  51|0x0000000087700000, 0x0000000087700000, 0x0000000087800000|  0%| F|  |TAMS 0x0000000087700000, 0x0000000087700000| Untracked 
|  52|0x0000000087800000, 0x0000000087800000, 0x0000000087900000|  0%| F|  |TAMS 0x0000000087800000, 0x0000000087800000| Untracked 
|  53|0x0000000087900000, 0x0000000087900000, 0x0000000087a00000|  0%| F|  |TAMS 0x0000000087900000, 0x0000000087900000| Untracked 
|  54|0x0000000087a00000, 0x0000000087a00000, 0x0000000087b00000|  0%| F|  |TAMS 0x0000000087a00000, 0x0000000087a00000| Untracked 
|  55|0x0000000087b00000, 0x0000000087b00000, 0x0000000087c00000|  0%| F|  |TAMS 0x0000000087b00000, 0x0000000087b00000| Untracked 
|  56|0x0000000087c00000, 0x0000000087c00000, 0x0000000087d00000|  0%| F|  |TAMS 0x0000000087c00000, 0x0000000087c00000| Untracked 
|  57|0x0000000087d00000, 0x0000000087d00000, 0x0000000087e00000|  0%| F|  |TAMS 0x0000000087d00000, 0x0000000087d00000| Untracked 
|  58|0x0000000087e00000, 0x0000000087e00000, 0x0000000087f00000|  0%| F|  |TAMS 0x0000000087e00000, 0x0000000087e00000| Untracked 
|  59|0x0000000087f00000, 0x0000000087f00000, 0x0000000088000000|  0%| F|  |TAMS 0x0000000087f00000, 0x0000000087f00000| Untracked 
|  60|0x0000000088000000, 0x0000000088000000, 0x0000000088100000|  0%| F|  |TAMS 0x0000000088000000, 0x0000000088000000| Untracked 
|  61|0x0000000088100000, 0x0000000088100000, 0x0000000088200000|  0%| F|  |TAMS 0x0000000088100000, 0x0000000088100000| Untracked 
|  62|0x0000000088200000, 0x0000000088200000, 0x0000000088300000|  0%| F|  |TAMS 0x0000000088200000, 0x0000000088200000| Untracked 
|  63|0x0000000088300000, 0x0000000088300000, 0x0000000088400000|  0%| F|  |TAMS 0x0000000088300000, 0x0000000088300000| Untracked 
|  64|0x0000000088400000, 0x0000000088400000, 0x0000000088500000|  0%| F|  |TAMS 0x0000000088400000, 0x0000000088400000| Untracked 
|  65|0x0000000088500000, 0x0000000088500000, 0x0000000088600000|  0%| F|  |TAMS 0x0000000088500000, 0x0000000088500000| Untracked 
|  66|0x0000000088600000, 0x0000000088600000, 0x0000000088700000|  0%| F|  |TAMS 0x0000000088600000, 0x0000000088600000| Untracked 
|  67|0x0000000088700000, 0x0000000088700000, 0x0000000088800000|  0%| F|  |TAMS 0x0000000088700000, 0x0000000088700000| Untracked 
|  68|0x0000000088800000, 0x0000000088800000, 0x0000000088900000|  0%| F|  |TAMS 0x0000000088800000, 0x0000000088800000| Untracked 
|  69|0x0000000088900000, 0x0000000088900000, 0x0000000088a00000|  0%| F|  |TAMS 0x0000000088900000, 0x0000000088900000| Untracked 
|  70|0x0000000088a00000, 0x0000000088a00000, 0x0000000088b00000|  0%| F|  |TAMS 0x0000000088a00000, 0x0000000088a00000| Untracked 
|  71|0x0000000088b00000, 0x0000000088b00000, 0x0000000088c00000|  0%| F|  |TAMS 0x0000000088b00000, 0x0000000088b00000| Untracked 
|  72|0x0000000088c00000, 0x0000000088c00000, 0x0000000088d00000|  0%| F|  |TAMS 0x0000000088c00000, 0x0000000088c00000| Untracked 
|  73|0x0000000088d00000, 0x0000000088d00000, 0x0000000088e00000|  0%| F|  |TAMS 0x0000000088d00000, 0x0000000088d00000| Untracked 
|  74|0x0000000088e00000, 0x0000000088e00000, 0x0000000088f00000|  0%| F|  |TAMS 0x0000000088e00000, 0x0000000088e00000| Untracked 
|  75|0x0000000088f00000, 0x0000000088f00000, 0x0000000089000000|  0%| F|  |TAMS 0x0000000088f00000, 0x0000000088f00000| Untracked 
|  76|0x0000000089000000, 0x0000000089000000, 0x0000000089100000|  0%| F|  |TAMS 0x0000000089000000, 0x0000000089000000| Untracked 
|  77|0x0000000089100000, 0x0000000089100000, 0x0000000089200000|  0%| F|  |TAMS 0x0000000089100000, 0x0000000089100000| Untracked 
|  78|0x0000000089200000, 0x0000000089200000, 0x0000000089300000|  0%| F|  |TAMS 0x0000000089200000, 0x0000000089200000| Untracked 
|  79|0x0000000089300000, 0x0000000089300000, 0x0000000089400000|  0%| F|  |TAMS 0x0000000089300000, 0x0000000089300000| Untracked 
|  80|0x0000000089400000, 0x0000000089400000, 0x0000000089500000|  0%| F|  |TAMS 0x0000000089400000, 0x0000000089400000| Untracked 
|  81|0x0000000089500000, 0x0000000089500000, 0x0000000089600000|  0%| F|  |TAMS 0x0000000089500000, 0x0000000089500000| Untracked 
|  82|0x0000000089600000, 0x0000000089600000, 0x0000000089700000|  0%| F|  |TAMS 0x0000000089600000, 0x0000000089600000| Untracked 
|  83|0x0000000089700000, 0x0000000089700000, 0x0000000089800000|  0%| F|  |TAMS 0x0000000089700000, 0x0000000089700000| Untracked 
|  84|0x0000000089800000, 0x0000000089800000, 0x0000000089900000|  0%| F|  |TAMS 0x0000000089800000, 0x0000000089800000| Untracked 
|  85|0x0000000089900000, 0x0000000089900000, 0x0000000089a00000|  0%| F|  |TAMS 0x0000000089900000, 0x0000000089900000| Untracked 
|  86|0x0000000089a00000, 0x0000000089a00000, 0x0000000089b00000|  0%| F|  |TAMS 0x0000000089a00000, 0x0000000089a00000| Untracked 
|  87|0x0000000089b00000, 0x0000000089b00000, 0x0000000089c00000|  0%| F|  |TAMS 0x0000000089b00000, 0x0000000089b00000| Untracked 
|  88|0x0000000089c00000, 0x0000000089d00000, 0x0000000089d00000|100%| E|  |TAMS 0x0000000089c00000, 0x0000000089c00000| Complete 
|  89|0x0000000089d00000, 0x0000000089e00000, 0x0000000089e00000|100%| E|CS|TAMS 0x0000000089d00000, 0x0000000089d00000| Complete 
|  90|0x0000000089e00000, 0x0000000089f00000, 0x0000000089f00000|100%| E|CS|TAMS 0x0000000089e00000, 0x0000000089e00000| Complete 
|  91|0x0000000089f00000, 0x000000008a000000, 0x000000008a000000|100%| E|CS|TAMS 0x0000000089f00000, 0x0000000089f00000| Complete 
|  92|0x000000008a000000, 0x000000008a100000, 0x000000008a100000|100%| E|CS|TAMS 0x000000008a000000, 0x000000008a000000| Complete 
|  93|0x000000008a100000, 0x000000008a200000, 0x000000008a200000|100%| E|CS|TAMS 0x000000008a100000, 0x000000008a100000| Complete 
|  94|0x000000008a200000, 0x000000008a300000, 0x000000008a300000|100%| E|CS|TAMS 0x000000008a200000, 0x000000008a200000| Complete 
|  95|0x000000008a300000, 0x000000008a400000, 0x000000008a400000|100%| E|CS|TAMS 0x000000008a300000, 0x000000008a300000| Complete 
|  96|0x000000008a400000, 0x000000008a500000, 0x000000008a500000|100%| E|CS|TAMS 0x000000008a400000, 0x000000008a400000| Complete 
|  97|0x000000008a500000, 0x000000008a600000, 0x000000008a600000|100%| S|CS|TAMS 0x000000008a500000, 0x000000008a500000| Complete 
|  98|0x000000008a600000, 0x000000008a700000, 0x000000008a700000|100%| S|CS|TAMS 0x000000008a600000, 0x000000008a600000| Complete 
|  99|0x000000008a700000, 0x000000008a800000, 0x000000008a800000|100%| S|CS|TAMS 0x000000008a700000, 0x000000008a700000| Complete 
| 100|0x000000008a800000, 0x000000008a900000, 0x000000008a900000|100%| E|CS|TAMS 0x000000008a800000, 0x000000008a800000| Complete 
| 101|0x000000008a900000, 0x000000008aa00000, 0x000000008aa00000|100%| E|CS|TAMS 0x000000008a900000, 0x000000008a900000| Complete 
| 102|0x000000008aa00000, 0x000000008ab00000, 0x000000008ab00000|100%| E|CS|TAMS 0x000000008aa00000, 0x000000008aa00000| Complete 
| 103|0x000000008ab00000, 0x000000008ac00000, 0x000000008ac00000|100%| E|CS|TAMS 0x000000008ab00000, 0x000000008ab00000| Complete 
| 104|0x000000008ac00000, 0x000000008ad00000, 0x000000008ad00000|100%| E|CS|TAMS 0x000000008ac00000, 0x000000008ac00000| Complete 
| 105|0x000000008ad00000, 0x000000008ae00000, 0x000000008ae00000|100%| E|CS|TAMS 0x000000008ad00000, 0x000000008ad00000| Complete 
| 106|0x000000008ae00000, 0x000000008af00000, 0x000000008af00000|100%| E|CS|TAMS 0x000000008ae00000, 0x000000008ae00000| Complete 
| 107|0x000000008af00000, 0x000000008b000000, 0x000000008b000000|100%| E|CS|TAMS 0x000000008af00000, 0x000000008af00000| Complete 
| 108|0x000000008b000000, 0x000000008b100000, 0x000000008b100000|100%| E|CS|TAMS 0x000000008b000000, 0x000000008b000000| Complete 
| 109|0x000000008b100000, 0x000000008b200000, 0x000000008b200000|100%| E|CS|TAMS 0x000000008b100000, 0x000000008b100000| Complete 
| 110|0x000000008b200000, 0x000000008b300000, 0x000000008b300000|100%| E|CS|TAMS 0x000000008b200000, 0x000000008b200000| Complete 
| 111|0x000000008b300000, 0x000000008b400000, 0x000000008b400000|100%| E|CS|TAMS 0x000000008b300000, 0x000000008b300000| Complete 
| 112|0x000000008b400000, 0x000000008b500000, 0x000000008b500000|100%| E|CS|TAMS 0x000000008b400000, 0x000000008b400000| Complete 
| 113|0x000000008b500000, 0x000000008b600000, 0x000000008b600000|100%| E|CS|TAMS 0x000000008b500000, 0x000000008b500000| Complete 
| 114|0x000000008b600000, 0x000000008b700000, 0x000000008b700000|100%| E|CS|TAMS 0x000000008b600000, 0x000000008b600000| Complete 
| 115|0x000000008b700000, 0x000000008b800000, 0x000000008b800000|100%| E|CS|TAMS 0x000000008b700000, 0x000000008b700000| Complete 
| 116|0x000000008b800000, 0x000000008b900000, 0x000000008b900000|100%| E|CS|TAMS 0x000000008b800000, 0x000000008b800000| Complete 
| 117|0x000000008b900000, 0x000000008ba00000, 0x000000008ba00000|100%| E|CS|TAMS 0x000000008b900000, 0x000000008b900000| Complete 
| 118|0x000000008ba00000, 0x000000008bb00000, 0x000000008bb00000|100%| E|CS|TAMS 0x000000008ba00000, 0x000000008ba00000| Complete 
| 119|0x000000008bb00000, 0x000000008bc00000, 0x000000008bc00000|100%| E|CS|TAMS 0x000000008bb00000, 0x000000008bb00000| Complete 
| 120|0x000000008bc00000, 0x000000008bd00000, 0x000000008bd00000|100%| E|CS|TAMS 0x000000008bc00000, 0x000000008bc00000| Complete 
| 121|0x000000008bd00000, 0x000000008be00000, 0x000000008be00000|100%| E|CS|TAMS 0x000000008bd00000, 0x000000008bd00000| Complete 
| 122|0x000000008be00000, 0x000000008bf00000, 0x000000008bf00000|100%| E|CS|TAMS 0x000000008be00000, 0x000000008be00000| Complete 
| 123|0x000000008bf00000, 0x000000008c000000, 0x000000008c000000|100%| E|CS|TAMS 0x000000008bf00000, 0x000000008bf00000| Complete 

Card table byte_map: [0x000002a0e4cc0000,0x000002a0e50a0000] _byte_map_base: 0x000002a0e489e000

Marking Bits (Prev, Next): (CMBitMap*) 0x000002a0cdefabd8, (CMBitMap*) 0x000002a0cdefac10
 Prev Bits: [0x000002a0e5480000, 0x000002a0e7370000)
 Next Bits: [0x000002a0e7370000, 0x000002a0e9260000)

Polling page: 0x000002a0cbce0000

Metaspace:

Usage:
  Non-class:     14.04 MB capacity,    13.90 MB (>99%) used,   119.93 KB ( <1%) free+waste,    20.81 KB ( <1%) overhead. 
      Class:      2.02 MB capacity,     1.95 MB ( 96%) used,    68.06 KB (  3%) free+waste,     9.88 KB ( <1%) overhead. 
       Both:     16.06 MB capacity,    15.85 MB ( 99%) used,   187.99 KB (  1%) free+waste,    30.69 KB ( <1%) overhead. 

Virtual space:
  Non-class space:       16.00 MB reserved,      14.25 MB ( 89%) committed 
      Class space:        1.00 GB reserved,       2.12 MB ( <1%) committed 
             Both:        1.02 GB reserved,      16.38 MB (  2%) committed 

Chunk freelists:
   Non-Class:  3.38 KB
       Class:  1.12 KB
        Both:  4.50 KB

CodeHeap 'non-profiled nmethods': size=120000Kb used=615Kb max_used=615Kb free=119385Kb
 bounds [0x000002a0dd080000, 0x000002a0dd2f0000, 0x000002a0e45b0000]
CodeHeap 'profiled nmethods': size=120000Kb used=2266Kb max_used=2266Kb free=117733Kb
 bounds [0x000002a0d5b50000, 0x000002a0d5dc0000, 0x000002a0dd080000]
CodeHeap 'non-nmethods': size=5760Kb used=1116Kb max_used=1144Kb free=4643Kb
 bounds [0x000002a0d55b0000, 0x000002a0d5820000, 0x000002a0d5b50000]
 total_blobs=1768 nmethods=1345 adapters=333
 compilation: enabled
              stopped_count=0, restarted_count=0
 full_count=0

Compilation events (10 events):
Event: 1.576 Thread 0x000002a0ebcd8800 1337       3       jdk.internal.org.objectweb.asm.Frame::push (110 bytes)
Event: 1.576 Thread 0x000002a0ebcd8800 nmethod 1337 0x000002a0d5d84810 code [0x000002a0d5d849e0, 0x000002a0d5d84f48]
Event: 1.576 Thread 0x000002a0ebcd8800 1339       3       java.lang.invoke.MemberName$Factory::resolveOrFail (53 bytes)
Event: 1.577 Thread 0x000002a0ebcd8800 nmethod 1339 0x000002a0d5d85110 code [0x000002a0d5d85320, 0x000002a0d5d859d8]
Event: 1.577 Thread 0x000002a0ebcd8800 1344       3       java.lang.invoke.LambdaForm$NamedFunction::methodType (23 bytes)
Event: 1.578 Thread 0x000002a0ebcd8800 nmethod 1344 0x000002a0d5d85c10 code [0x000002a0d5d85dc0, 0x000002a0d5d85fe8]
Event: 1.578 Thread 0x000002a0ebcd8800 1341       3       java.lang.reflect.Array::newInstance (6 bytes)
Event: 1.578 Thread 0x000002a0ebcd8800 nmethod 1341 0x000002a0d5d86110 code [0x000002a0d5d862a0, 0x000002a0d5d863a8]
Event: 1.578 Thread 0x000002a0ebcd8800 1345   !   3       java.util.ImmutableCollections$ListItr::next (34 bytes)
Event: 1.578 Thread 0x000002a0ebcd8800 nmethod 1345 0x000002a0d5d86490 code [0x000002a0d5d86640, 0x000002a0d5d86918]

GC Heap History (2 events):
Event: 0.669 GC heap before
{Heap before GC invocations=0 (full 0):
 garbage-first heap   total 126976K, used 24576K [0x0000000084400000, 0x0000000100000000)
  region size 1024K, 24 young (24576K), 0 survivors (0K)
 Metaspace       used 10703K, capacity 10877K, committed 11008K, reserved 1058816K
  class space    used 1124K, capacity 1195K, committed 1280K, reserved 1048576K
}
Event: 0.674 GC heap after
{Heap after GC invocations=1 (full 0):
 garbage-first heap   total 126976K, used 4693K [0x0000000084400000, 0x0000000100000000)
  region size 1024K, 3 young (3072K), 3 survivors (3072K)
 Metaspace       used 10703K, capacity 10877K, committed 11008K, reserved 1058816K
  class space    used 1124K, capacity 1195K, committed 1280K, reserved 1048576K
}

Deoptimization events (10 events):
Event: 0.910 Thread 0x000002a0cdec0000 Uncommon trap: reason=unstable_if action=reinterpret pc=0x000002a0dd0bc4c8 method=jdk.internal.loader.URLClassPath$JarLoader.getResource(Ljava/lang/String;Z)Ljdk/internal/loader/Resource; @ 42 c2
Event: 0.911 Thread 0x000002a0cdec0000 Uncommon trap: reason=null_check action=make_not_entrant pc=0x000002a0dd0b5e58 method=jdk.internal.loader.URLClassPath.getLoader(I)Ljdk/internal/loader/URLClassPath$Loader; @ 36 c2
Event: 0.921 Thread 0x000002a0cdec0000 Uncommon trap: reason=unstable_if action=reinterpret pc=0x000002a0dd0ca0f4 method=java.io.WinNTFileSystem.normalize(Ljava/lang/String;)Ljava/lang/String; @ 40 c2
Event: 0.921 Thread 0x000002a0cdec0000 Uncommon trap: reason=unstable_if action=reinterpret pc=0x000002a0dd097ae0 method=java.io.WinNTFileSystem.isSlash(C)Z @ 9 c2
Event: 1.039 Thread 0x000002a0cdec0000 Uncommon trap: reason=bimorphic_or_optimized_type_check action=maybe_recompile pc=0x000002a0dd0d65b4 method=java.util.HashMap.getNode(ILjava/lang/Object;)Ljava/util/HashMap$Node; @ 126 c2
Event: 1.123 Thread 0x000002a0cdec0000 Uncommon trap: reason=bimorphic_or_optimized_type_check action=maybe_recompile pc=0x000002a0dd0c10ec method=java.util.HashMap.putVal(ILjava/lang/Object;Ljava/lang/Object;ZZ)Ljava/lang/Object; @ 152 c2
Event: 1.173 Thread 0x000002a0ebcd2000 Uncommon trap: reason=unstable_if action=reinterpret pc=0x000002a0dd0f8320 method=java.util.concurrent.ConcurrentHashMap.putVal(Ljava/lang/Object;Ljava/lang/Object;Z)Ljava/lang/Object; @ 256 c2
Event: 1.213 Thread 0x000002a0ebcd2000 Uncommon trap: reason=unstable_if action=reinterpret pc=0x000002a0dd0c3a6c method=java.lang.Integer.getChars(II[B)I @ 25 c2
Event: 1.559 Thread 0x000002a0cdec0000 Uncommon trap: reason=unstable_if action=reinterpret pc=0x000002a0dd10b610 method=sun.net.www.ParseUtil.firstEncodeIndex(Ljava/lang/String;)I @ 51 c2
Event: 1.559 Thread 0x000002a0cdec0000 Uncommon trap: reason=unstable_if action=reinterpret pc=0x000002a0dd0c4a04 method=sun.net.www.ParseUtil.firstEncodeIndex(Ljava/lang/String;)I @ 51 c2

Classes redefined (0 events):
No events

Internal exceptions (10 events):
Event: 0.551 Thread 0x000002a0cdec0000 Exception <a 'java/lang/NoSuchMethodError'{0x000000008afe5d10}: java.lang.invoke.DirectMethodHandle$Holder.invokeStaticInit(Ljava/lang/Object;Ljava/lang/Object;)V> (0x000000008afe5d10) thrown at [./open/src/hotspot/share/interpreter/linkResolver.cpp, line
Event: 0.552 Thread 0x000002a0cdec0000 Exception <a 'java/lang/NoSuchMethodError'{0x000000008afeb560}: java.lang.invoke.DirectMethodHandle$Holder.invokeStaticInit(Ljava/lang/Object;Ljava/lang/Object;)I> (0x000000008afeb560) thrown at [./open/src/hotspot/share/interpreter/linkResolver.cpp, line
Event: 0.844 Thread 0x000002a0cdec0000 Exception <a 'java/lang/ClassNotFoundException'{0x000000008b3b18c0}: java/lang/ClassLoader$ByteBuddyAccessor$S2Q5qs4O> (0x000000008b3b18c0) thrown at [./open/src/hotspot/share/classfile/systemDictionary.cpp, line 226]
Event: 0.911 Thread 0x000002a0cdec0000 Implicit null exception at 0x000002a0dd0b4a07 to 0x000002a0dd0b5e4c
Event: 1.205 Thread 0x000002a0cdec0000 Exception <a 'java/lang/NoSuchMethodError'{0x0000000089ece178}: java.lang.invoke.DirectMethodHandle$Holder.invokeStaticInit(Ljava/lang/Object;IIII)Ljava/lang/Object;> (0x0000000089ece178) thrown at [./open/src/hotspot/share/interpreter/linkResolver.cpp, l
Event: 1.535 Thread 0x000002a0cdec0000 Exception <a 'java/lang/NoSuchMethodError'{0x0000000089c0d8a8}: java.lang.invoke.DirectMethodHandle$Holder.invokeStaticInit(Ljava/lang/Object;Ljava/lang/Object;IIII)Ljava/lang/Object;> (0x0000000089c0d8a8) thrown at [./open/src/hotspot/share/interpreter/l
Event: 1.564 Thread 0x000002a0cdec0000 Exception <a 'java/lang/NullPointerException'{0x0000000089c78ea0}> (0x0000000089c78ea0) thrown at [./open/src/hotspot/share/interpreter/linkResolver.cpp, line 1354]
Event: 1.573 Thread 0x000002a0cdec0000 Exception <a 'java/lang/NoSuchMethodError'{0x0000000089cd0ac0}: java.lang.invoke.DelegatingMethodHandle$Holder.reinvoke_L(Ljava/lang/Object;JLjava/lang/Object;Ljava/lang/Object;JLjava/lang/Object;)J> (0x0000000089cd0ac0) thrown at [./open/src/hotspot/shar
Event: 1.575 Thread 0x000002a0cdec0000 Exception <a 'java/lang/NoSuchMethodError'{0x0000000089ce65f8}: java.lang.invoke.DirectMethodHandle$Holder.invokeStatic(Ljava/lang/Object;JJ)J> (0x0000000089ce65f8) thrown at [./open/src/hotspot/share/interpreter/linkResolver.cpp, line 772]
Event: 1.576 Thread 0x000002a0cdec0000 Exception <a 'java/lang/NoSuchMethodError'{0x0000000089cec7e8}: java.lang.invoke.DelegatingMethodHandle$Holder.reinvoke_L(Ljava/lang/Object;JJ)J> (0x0000000089cec7e8) thrown at [./open/src/hotspot/share/interpreter/linkResolver.cpp, line 772]

Events (10 events):
Event: 1.574 loading class java/lang/invoke/BoundMethodHandle$Species_LL
Event: 1.574 loading class java/lang/invoke/BoundMethodHandle$Species_LL done
Event: 1.574 loading class java/lang/invoke/BoundMethodHandle$Species_LLL
Event: 1.574 loading class java/lang/invoke/BoundMethodHandle$Species_LLL done
Event: 1.576 loading class java/lang/invoke/MethodHandles$1
Event: 1.576 loading class java/lang/invoke/MethodHandles$1 done
Event: 1.576 loading class java/lang/invoke/BoundMethodHandle$Species_LJ
Event: 1.576 loading class java/lang/invoke/BoundMethodHandle$Species_LJ done
Event: 1.577 loading class java/lang/invoke/BoundMethodHandle$Species_LLLL
Event: 1.577 loading class java/lang/invoke/BoundMethodHandle$Species_LLLL done


Dynamic libraries:
0x00007ff631b90000 - 0x00007ff631ba0000 	C:\Program Files\Java\jdk-11\bin\java.exe
0x00007fffe7cb0000 - 0x00007fffe7ea8000 	C:\Windows\SYSTEM32\ntdll.dll
0x00007fffe62f0000 - 0x00007fffe63b1000 	C:\Windows\System32\KERNEL32.DLL
0x00007fffe56a0000 - 0x00007fffe5996000 	C:\Windows\System32\KERNELBASE.dll
0x00007fffe5570000 - 0x00007fffe5670000 	C:\Windows\System32\ucrtbase.dll
0x00007fffe04c0000 - 0x00007fffe04d9000 	C:\Program Files\Java\jdk-11\bin\jli.dll
0x00007fffddb50000 - 0x00007fffddb6b000 	C:\Program Files\Java\jdk-11\bin\VCRUNTIME140.dll
0x00007fffe5e00000 - 0x00007fffe5eb0000 	C:\Windows\System32\ADVAPI32.dll
0x00007fffe6140000 - 0x00007fffe61de000 	C:\Windows\System32\msvcrt.dll
0x00007fffe7530000 - 0x00007fffe75d0000 	C:\Windows\System32\sechost.dll
0x00007fffe5fe0000 - 0x00007fffe6103000 	C:\Windows\System32\RPCRT4.dll
0x00007fffe5670000 - 0x00007fffe5697000 	C:\Windows\System32\bcrypt.dll
0x00007fffe75d0000 - 0x00007fffe776f000 	C:\Windows\System32\USER32.dll
0x00007fffe5b50000 - 0x00007fffe5b72000 	C:\Windows\System32\win32u.dll
0x00007fffe7770000 - 0x00007fffe779b000 	C:\Windows\System32\GDI32.dll
0x00007fffe5450000 - 0x00007fffe5567000 	C:\Windows\System32\gdi32full.dll
0x00007fffd2e00000 - 0x00007fffd309a000 	C:\Windows\WinSxS\amd64_microsoft.windows.common-controls_6595b64144ccf1df_6.0.19041.4355_none_60b8b9eb71f62e16\COMCTL32.dll
0x00007fffe53b0000 - 0x00007fffe544d000 	C:\Windows\System32\msvcp_win.dll
0x00007fffde520000 - 0x00007fffde52a000 	C:\Windows\SYSTEM32\VERSION.dll
0x00007fffe61e0000 - 0x00007fffe620f000 	C:\Windows\System32\IMM32.DLL
0x00007fffdeec0000 - 0x00007fffdeecc000 	C:\Program Files\Java\jdk-11\bin\vcruntime140_1.dll
0x00007fffa4060000 - 0x00007fffa40ee000 	C:\Program Files\Java\jdk-11\bin\msvcp140.dll
0x00007fff66130000 - 0x00007fff66c8e000 	C:\Program Files\Java\jdk-11\bin\server\jvm.dll
0x00007fffe6210000 - 0x00007fffe6218000 	C:\Windows\System32\PSAPI.DLL
0x00007fffd7360000 - 0x00007fffd7387000 	C:\Windows\SYSTEM32\WINMM.dll
0x00007fffd9950000 - 0x00007fffd9959000 	C:\Windows\SYSTEM32\WSOCK32.dll
0x00007fffe6220000 - 0x00007fffe628b000 	C:\Windows\System32\WS2_32.dll
0x00007fffe3b80000 - 0x00007fffe3b92000 	C:\Windows\SYSTEM32\kernel.appcore.dll
0x00007fffde410000 - 0x00007fffde420000 	C:\Program Files\Java\jdk-11\bin\verify.dll
0x00007fffe3830000 - 0x00007fffe3a14000 	C:\Windows\SYSTEM32\DBGHELP.DLL
0x00007fffb4fc0000 - 0x00007fffb4ff4000 	C:\Windows\SYSTEM32\dbgcore.DLL
0x00007fffe5ac0000 - 0x00007fffe5b42000 	C:\Windows\System32\bcryptPrimitives.dll
0x00007fffd6580000 - 0x00007fffd65a8000 	C:\Program Files\Java\jdk-11\bin\java.dll
0x00007fffddba0000 - 0x00007fffddbaa000 	C:\Program Files\Java\jdk-11\bin\jimage.dll
0x00007fffe2580000 - 0x00007fffe258e000 	C:\Program Files\Java\jdk-11\bin\instrument.dll
0x00007fffd6c10000 - 0x00007fffd6c27000 	C:\Program Files\Java\jdk-11\bin\zip.dll
0x00007fffe6c30000 - 0x00007fffe739c000 	C:\Windows\System32\SHELL32.dll
0x00007fffe2fc0000 - 0x00007fffe375e000 	C:\Windows\SYSTEM32\windows.storage.dll
0x00007fffe64a0000 - 0x00007fffe67f3000 	C:\Windows\System32\combase.dll
0x00007fffe4d80000 - 0x00007fffe4dae000 	C:\Windows\SYSTEM32\Wldp.dll
0x00007fffe6810000 - 0x00007fffe68dd000 	C:\Windows\System32\OLEAUT32.dll
0x00007fffe6b80000 - 0x00007fffe6c2d000 	C:\Windows\System32\SHCORE.dll
0x00007fffe6290000 - 0x00007fffe62e5000 	C:\Windows\System32\shlwapi.dll
0x00007fffe5290000 - 0x00007fffe52b4000 	C:\Windows\SYSTEM32\profapi.dll
0x00007fffd47d0000 - 0x00007fffd47e9000 	C:\Program Files\Java\jdk-11\bin\net.dll
0x00007fffe17a0000 - 0x00007fffe18aa000 	C:\Windows\SYSTEM32\WINHTTP.dll
0x00007fffe4ac0000 - 0x00007fffe4b2a000 	C:\Windows\system32\mswsock.dll
0x00007fffd46a0000 - 0x00007fffd46b2000 	C:\Program Files\Java\jdk-11\bin\nio.dll
0x00007fffd9990000 - 0x00007fffd99aa000 	C:\Program Files\ideaIU\bin\breakgen64.dll
0x0000000000400000 - 0x00000000008fd000 	C:\Users\Drach\IdeaProjects\Sync\src\main\resources\SyncSDK.dll
0x00007fffe5eb0000 - 0x00007fffe5fdb000 	C:\Windows\System32\ole32.dll
0x00007fffbc380000 - 0x00007fffbc424000 	C:\Windows\SYSTEM32\winspool.drv
0x00007fffbc8f0000 - 0x00007fffbc909000 	C:\Windows\SYSTEM32\netapi32.dll
0x00007fffe4790000 - 0x00007fffe479c000 	C:\Windows\SYSTEM32\NETUTILS.DLL
0x00007fffe5ce0000 - 0x00007fffe5df4000 	C:\Windows\System32\Msctf.dll
0x00007fffe2890000 - 0x00007fffe292e000 	C:\Windows\system32\uxtheme.dll
0x00007fffe4cd0000 - 0x00007fffe4ce8000 	C:\Windows\SYSTEM32\CRYPTSP.dll
0x00007fffe4360000 - 0x00007fffe4394000 	C:\Windows\system32\rsaenh.dll
0x00007fffe5200000 - 0x00007fffe522e000 	C:\Windows\SYSTEM32\USERENV.dll
0x00007fffe4cf0000 - 0x00007fffe4cfc000 	C:\Windows\SYSTEM32\CRYPTBASE.dll
0x00007fffe4750000 - 0x00007fffe478b000 	C:\Windows\SYSTEM32\IPHLPAPI.DLL
0x00007fffe6110000 - 0x00007fffe6118000 	C:\Windows\System32\NSI.dll
0x00007fffdeba0000 - 0x00007fffdebb7000 	C:\Windows\SYSTEM32\dhcpcsvc6.DLL
0x00007fffdeb80000 - 0x00007fffdeb9d000 	C:\Windows\SYSTEM32\dhcpcsvc.DLL
0x00007fffe47a0000 - 0x00007fffe486a000 	C:\Windows\SYSTEM32\DNSAPI.dll
0x00007fffd2b70000 - 0x00007fffd2ba7000 	C:\Users\Drach\AppData\Local\Temp\jna-Drach\jna8937168459713823275.dll
0x00007fffdc010000 - 0x00007fffdc090000 	C:\Windows\SYSTEM32\Fwpuclnt.dll
0x00007fffde020000 - 0x00007fffde027000 	C:\Windows\SYSTEM32\IdnDL.dll
0x00007fffe6800000 - 0x00007fffe6808000 	C:\Windows\System32\Normaliz.dll

dbghelp: loaded successfully - version: 4.0.5 - missing functions: none
symbol engine: initialized successfully - sym options: 0x614 - pdb path: .;C:\Program Files\Java\jdk-11\bin;C:\Windows\SYSTEM32;C:\Windows\WinSxS\amd64_microsoft.windows.common-controls_6595b64144ccf1df_6.0.19041.4355_none_60b8b9eb71f62e16;C:\Program Files\Java\jdk-11\bin\server;C:\Program Files\ideaIU\bin;C:\Users\Drach\IdeaProjects\Sync\src\main\resources;C:\Users\Drach\AppData\Local\Temp\jna-Drach

VM Arguments:
jvm_args: -Djava.library.path=C:\Users\Drach\IdeaProjects\Sync\src\main\resources -Didea.test.cyclic.buffer.size=1048576 -javaagent:C:\Program Files\ideaIU\lib\idea_rt.jar=54338:C:\Program Files\ideaIU\bin -Dfile.encoding=UTF-8 
java_command: com.intellij.rt.junit.JUnitStarter -ideVersion5 -junit4 com.marsol.sync.service.communication.SyncSDKTest
java_class_path (initial): C:\Program Files\ideaIU\lib\idea_rt.jar;C:\Program Files\ideaIU\plugins\junit\lib\junit5-rt.jar;C:\Program Files\ideaIU\plugins\junit\lib\junit-rt.jar;C:\Users\Drach\IdeaProjects\Sync\target\test-classes;C:\Users\Drach\IdeaProjects\Sync\target\classes;C:\Users\Drach\.m2\repository\net\java\dev\jna\jna\3.5.2\jna-3.5.2.jar;C:\Users\Drach\.m2\repository\com\google\code\gson\gson\2.8.8\gson-2.8.8.jar;C:\Users\Drach\.m2\repository\com\fasterxml\jackson\core\jackson-databind\2.13.0\jackson-databind-2.13.0.jar;C:\Users\Drach\.m2\repository\com\fasterxml\jackson\core\jackson-annotations\2.13.0\jackson-annotations-2.13.0.jar;C:\Users\Drach\.m2\repository\com\fasterxml\jackson\core\jackson-core\2.13.0\jackson-core-2.13.0.jar;C:\Users\Drach\.m2\repository\junit\junit\4.13.2\junit-4.13.2.jar;C:\Users\Drach\.m2\repository\org\hamcrest\hamcrest-core\1.3\hamcrest-core-1.3.jar;C:\Users\Drach\.m2\repository\org\springframework\boot\spring-boot-starter\2.7.3\spring-boot-starter-2.7.3.jar;C:\Users\Drach\.m2\repository\org\springframework\boot\spring-boot\2.7.3\spring-boot-2.7.3.jar;C:\Users\Drach\.m2\repository\org\springframework\spring-context\5.3.22\spring-context-5.3.22.jar;C:\Users\Drach\.m2\repository\org\springframework\boot\spring-boot-autoconfigure\2.7.3\spring-boot-autoconfigure-2.7.3.jar;C:\Users\Drach\.m2\repository\org\springframework\boot\spring-boot-starter-logging\2.7.3\spring-boot-starter-logging-2.7.3.jar;C:\Users\Drach\.m2\repository\ch\qos\logback\logback-classic\1.2.11\logback-classic-1.2.11.jar;C:\Users\Drach\.m2\repository\ch\qos\logback\logback-core\1.2.11\logback-core-1.2.11.jar;C:\Users\Drach\.m2\repository\org\apache\logging\log4j\log4j-to-slf4j\2.17.2\log4j-to-slf4j-2.17.2.jar;C:\Users\Drach\.m2\repository\org\apache\logging\log4j\log4j-api\2.17.2\log4j-api-2.17.2.jar;C:\Users\Drach\.m2\repository\org\slf4j\jul-to-slf4j\1.7.36\jul-to-slf4j-1.7.36.jar;C:\Users\Drach\.m2\repository\jakarta\annotation\jakarta.annotation-api\1.3.5\j
Launcher Type: SUN_STANDARD

[Global flags]
     intx CICompilerCount                          = 4                                         {product} {ergonomic}
     uint ConcGCThreads                            = 2                                         {product} {ergonomic}
     uint G1ConcRefinementThreads                  = 8                                         {product} {ergonomic}
   size_t G1HeapRegionSize                         = 1048576                                   {product} {ergonomic}
    uintx GCDrainStackTargetSize                   = 64                                        {product} {ergonomic}
   size_t InitialHeapSize                          = 130023424                                 {product} {ergonomic}
   size_t MarkStackSize                            = 4194304                                   {product} {ergonomic}
   size_t MaxHeapSize                              = 2076180480                                {product} {ergonomic}
   size_t MaxNewSize                               = 1245708288                                {product} {ergonomic}
   size_t MinHeapDeltaBytes                        = 1048576                                   {product} {ergonomic}
    uintx NonNMethodCodeHeapSize                   = 5836300                                {pd product} {ergonomic}
    uintx NonProfiledCodeHeapSize                  = 122910970                              {pd product} {ergonomic}
    uintx ProfiledCodeHeapSize                     = 122910970                              {pd product} {ergonomic}
    uintx ReservedCodeCacheSize                    = 251658240                              {pd product} {ergonomic}
     bool SegmentedCodeCache                       = true                                      {product} {ergonomic}
     bool UseCompressedClassPointers               = true                                 {lp64_product} {ergonomic}
     bool UseCompressedOops                        = true                                 {lp64_product} {ergonomic}
     bool UseG1GC                                  = true                                      {product} {ergonomic}
     bool UseLargePagesIndividualAllocation        = false                                  {pd product} {ergonomic}

Logging:
Log output configuration:
 #0: stdout all=warning uptime,level,tags
 #1: stderr all=off uptime,level,tags

Environment Variables:
JAVA_HOME=C:\Program Files\Java\jdk-11
PATH=C:\Program Files\Common Files\Oracle\Java\javapath;C:\Program Files (x86)\Common Files\Oracle\Java\java8path;C:\Program Files (x86)\Common Files\Oracle\Java\javapath;C:\Windows\system32;C:\Windows;C:\Windows\System32\Wbem;C:\Windows\System32\WindowsPowerShell\v1.0\;C:\Windows\System32\OpenSSH\;C:\Program Files\dotnet\;C:\Program Files (x86)\IVI Foundation\VISA\WinNT\Bin\;C:\Program Files\IVI Foundation\VISA\Win64\Bin\;C:\Program Files\Git\cmd;C:\Program Files\nodejs\;C:\Program Files\Java\jdk-20\bin;C:\Program Files\Docker\Docker\resources\bin;C:\Program Files\PuTTY\;C:\Gradle\gradle-8.8\bin;C:\Users\Drach\AppData\Local\Microsoft\WindowsApps;C:\Users\Drach\AppData\Local\Programs\Microsoft VS Code\bin;C:\Users\Drach\AppData\Roaming\npm;
USERNAME=Drach
OS=Windows_NT
PROCESSOR_IDENTIFIER=Intel64 Family 6 Model 140 Stepping 1, GenuineIntel



---------------  S Y S T E M  ---------------

OS: Windows 10 , 64 bit Build 19041 (10.0.19041.4597)
Hyper-V role detected

CPU:total 8 (initial active 8) (4 cores per cpu, 2 threads per core) family 6 model 140 stepping 1 microcode 0xb4, cmov, cx8, fxsr, mmx, sse, sse2, sse3, ssse3, sse4.1, sse4.2, popcnt, avx, avx2, aes, clmul, erms, 3dnowpref, lzcnt, ht, tsc, tscinvbit, bmi1, bmi2, adx, evex, sha, fma

Memory: 4k page, system-wide physical 7918M (455M free)
TotalPageFile size 18992M (AvailPageFile size 2840M)
current process WorkingSet (physical memory assigned to process): 95M, peak: 109M
current process commit charge ("private bytes"): 223M, peak: 238M

vm_info: Java HotSpot(TM) 64-Bit Server VM (11.0.23+7-LTS-222) for windows-amd64 JRE (11.0.23+7-LTS-222), built on Mar 11 2024 22:13:52 by "mach5one" with MS VC++ 17.6 (VS2022)

END.
